<?xml version="1.0" encoding="UTF-8"?>
<!-- Generated by org.testng.reporters.JUnitXMLReporter -->
<testsuite ignored="0" hostname="Sandz" failures="0" tests="3" name="Default test" time="55.525" errors="0" timestamp="06 Aug 2019 03:07:46 GMT">
  <testcase classname="TestNGPackage.GoogleTest" name="GoogleLog" time="0.626"/>
  <testcase classname="TestNGPackage.GoogleTest" name="TitlePage" time="0.024"/>
  <testcase classname="TestNGPackage.GoogleTest" name="linkTest" time="0.067"/>
</testsuite> <!-- Default test -->
