<?xml version="1.0" encoding="UTF-8"?>
<testng-results ignored="0" total="3" passed="3" failed="0" skipped="0">
  <reporter-output>
  </reporter-output>
  <suite started-at="2019-08-06T03:06:36Z" name="Default suite" finished-at="2019-08-06T03:07:32Z" duration-ms="55525">
    <groups>
    </groups>
    <test started-at="2019-08-06T03:06:36Z" name="Default test" finished-at="2019-08-06T03:07:32Z" duration-ms="55525">
      <class name="TestNGPackage.GoogleTest">
        <test-method is-config="true" signature="setUP()[pri:0, instance:TestNGPackage.GoogleTest@3911c2a7]" started-at="2019-08-06T03:06:36Z" name="setUP" finished-at="2019-08-06T03:06:51Z" duration-ms="15401" status="PASS">
          <reporter-output>
          </reporter-output>
        </test-method> <!-- setUP -->
        <test-method signature="GoogleLog()[pri:0, instance:TestNGPackage.GoogleTest@3911c2a7]" started-at="2019-08-06T03:06:51Z" name="GoogleLog" finished-at="2019-08-06T03:06:52Z" duration-ms="626" status="PASS">
          <reporter-output>
          </reporter-output>
        </test-method> <!-- GoogleLog -->
        <test-method is-config="true" signature="TearDown()[pri:0, instance:TestNGPackage.GoogleTest@3911c2a7]" started-at="2019-08-06T03:06:52Z" name="TearDown" finished-at="2019-08-06T03:07:01Z" duration-ms="9004" status="PASS">
          <reporter-output>
          </reporter-output>
        </test-method> <!-- TearDown -->
        <test-method is-config="true" signature="setUP()[pri:0, instance:TestNGPackage.GoogleTest@3911c2a7]" started-at="2019-08-06T03:07:01Z" name="setUP" finished-at="2019-08-06T03:07:14Z" duration-ms="13004" status="PASS">
          <reporter-output>
          </reporter-output>
        </test-method> <!-- setUP -->
        <test-method signature="TitlePage()[pri:0, instance:TestNGPackage.GoogleTest@3911c2a7]" started-at="2019-08-06T03:07:14Z" name="TitlePage" finished-at="2019-08-06T03:07:14Z" duration-ms="24" status="PASS">
          <reporter-output>
          </reporter-output>
        </test-method> <!-- TitlePage -->
        <test-method is-config="true" signature="TearDown()[pri:0, instance:TestNGPackage.GoogleTest@3911c2a7]" started-at="2019-08-06T03:07:14Z" name="TearDown" finished-at="2019-08-06T03:07:17Z" duration-ms="3208" status="PASS">
          <reporter-output>
          </reporter-output>
        </test-method> <!-- TearDown -->
        <test-method is-config="true" signature="setUP()[pri:0, instance:TestNGPackage.GoogleTest@3911c2a7]" started-at="2019-08-06T03:07:17Z" name="setUP" finished-at="2019-08-06T03:07:29Z" duration-ms="11278" status="PASS">
          <reporter-output>
          </reporter-output>
        </test-method> <!-- setUP -->
        <test-method signature="linkTest()[pri:0, instance:TestNGPackage.GoogleTest@3911c2a7]" started-at="2019-08-06T03:07:29Z" name="linkTest" finished-at="2019-08-06T03:07:29Z" duration-ms="67" status="PASS">
          <reporter-output>
          </reporter-output>
        </test-method> <!-- linkTest -->
        <test-method is-config="true" signature="TearDown()[pri:0, instance:TestNGPackage.GoogleTest@3911c2a7]" started-at="2019-08-06T03:07:29Z" name="TearDown" finished-at="2019-08-06T03:07:32Z" duration-ms="2868" status="PASS">
          <reporter-output>
          </reporter-output>
        </test-method> <!-- TearDown -->
      </class> <!-- TestNGPackage.GoogleTest -->
    </test> <!-- Default test -->
  </suite> <!-- Default suite -->
</testng-results>
